<?xml version="1.0" encoding="UTF-8"?>
<testsuite name="com.danvarga.reactordemo.handler.ItemStreamHanderTest" tests="1" skipped="0" failures="0" errors="0" timestamp="2021-02-08T10:02:40" hostname="danvarga-manjaro" time="0.489">
  <properties/>
  <testcase name="streamAllItemsTest()" classname="com.danvarga.reactordemo.handler.ItemStreamHanderTest" time="0.489"/>
  <system-out><![CDATA[11:02:38.891 [Test worker] DEBUG org.springframework.test.context.BootstrapUtils - Instantiating CacheAwareContextLoaderDelegate from class [org.springframework.test.context.cache.DefaultCacheAwareContextLoaderDelegate]
11:02:38.898 [Test worker] DEBUG org.springframework.test.context.BootstrapUtils - Instantiating BootstrapContext using constructor [public org.springframework.test.context.support.DefaultBootstrapContext(java.lang.Class,org.springframework.test.context.CacheAwareContextLoaderDelegate)]
11:02:38.929 [Test worker] DEBUG org.springframework.test.context.BootstrapUtils - Instantiating TestContextBootstrapper for test class [com.danvarga.reactordemo.handler.ItemStreamHanderTest] from class [org.springframework.boot.test.context.SpringBootTestContextBootstrapper]
11:02:38.938 [Test worker] INFO org.springframework.boot.test.context.SpringBootTestContextBootstrapper - Neither @ContextConfiguration nor @ContextHierarchy found for test class [com.danvarga.reactordemo.handler.ItemStreamHanderTest], using SpringBootContextLoader
11:02:38.941 [Test worker] DEBUG org.springframework.test.context.support.AbstractContextLoader - Did not detect default resource location for test class [com.danvarga.reactordemo.handler.ItemStreamHanderTest]: class path resource [com/danvarga/reactordemo/handler/ItemStreamHanderTest-context.xml] does not exist
11:02:38.942 [Test worker] DEBUG org.springframework.test.context.support.AbstractContextLoader - Did not detect default resource location for test class [com.danvarga.reactordemo.handler.ItemStreamHanderTest]: class path resource [com/danvarga/reactordemo/handler/ItemStreamHanderTestContext.groovy] does not exist
11:02:38.942 [Test worker] INFO org.springframework.test.context.support.AbstractContextLoader - Could not detect default resource locations for test class [com.danvarga.reactordemo.handler.ItemStreamHanderTest]: no resource found for suffixes {-context.xml, Context.groovy}.
11:02:38.943 [Test worker] INFO org.springframework.test.context.support.AnnotationConfigContextLoaderUtils - Could not detect default configuration classes for test class [com.danvarga.reactordemo.handler.ItemStreamHanderTest]: ItemStreamHanderTest does not declare any static, non-private, non-final, nested classes annotated with @Configuration.
11:02:39.029 [Test worker] DEBUG org.springframework.context.annotation.ClassPathScanningCandidateComponentProvider - Identified candidate component class: file [/home/dan/Work/Spring/reactor-demo/build/classes/java/main/com/danvarga/reactordemo/ReactorDemoApplication.class]
11:02:39.030 [Test worker] INFO org.springframework.boot.test.context.SpringBootTestContextBootstrapper - Found @SpringBootConfiguration com.danvarga.reactordemo.ReactorDemoApplication for test class com.danvarga.reactordemo.handler.ItemStreamHanderTest
11:02:39.079 [Test worker] DEBUG org.springframework.boot.test.context.SpringBootTestContextBootstrapper - @TestExecutionListeners is not present for class [com.danvarga.reactordemo.handler.ItemStreamHanderTest]: using defaults.
11:02:39.079 [Test worker] INFO org.springframework.boot.test.context.SpringBootTestContextBootstrapper - Loaded default TestExecutionListener class names from location [META-INF/spring.factories]: [org.springframework.boot.test.autoconfigure.restdocs.RestDocsTestExecutionListener, org.springframework.boot.test.autoconfigure.web.client.MockRestServiceServerResetTestExecutionListener, org.springframework.boot.test.autoconfigure.web.servlet.MockMvcPrintOnlyOnFailureTestExecutionListener, org.springframework.boot.test.autoconfigure.web.servlet.WebDriverTestExecutionListener, org.springframework.boot.test.autoconfigure.webservices.client.MockWebServiceServerTestExecutionListener, org.springframework.boot.test.mock.mockito.MockitoTestExecutionListener, org.springframework.boot.test.mock.mockito.ResetMocksTestExecutionListener, org.springframework.test.context.web.ServletTestExecutionListener, org.springframework.test.context.support.DirtiesContextBeforeModesTestExecutionListener, org.springframework.test.context.event.ApplicationEventsTestExecutionListener, org.springframework.test.context.support.DependencyInjectionTestExecutionListener, org.springframework.test.context.support.DirtiesContextTestExecutionListener, org.springframework.test.context.transaction.TransactionalTestExecutionListener, org.springframework.test.context.jdbc.SqlScriptsTestExecutionListener, org.springframework.test.context.event.EventPublishingTestExecutionListener]
11:02:39.083 [Test worker] DEBUG org.springframework.boot.test.context.SpringBootTestContextBootstrapper - Skipping candidate TestExecutionListener [org.springframework.test.context.web.ServletTestExecutionListener] due to a missing dependency. Specify custom listener classes or make the default listener classes and their required dependencies available. Offending class: [javax/servlet/ServletContext]
11:02:39.087 [Test worker] INFO org.springframework.boot.test.context.SpringBootTestContextBootstrapper - Using TestExecutionListeners: [org.springframework.test.context.support.DirtiesContextBeforeModesTestExecutionListener@7925e00a, org.springframework.test.context.event.ApplicationEventsTestExecutionListener@36b6edde, org.springframework.boot.test.mock.mockito.MockitoTestExecutionListener@4b25030e, org.springframework.boot.test.autoconfigure.SpringBootDependencyInjectionTestExecutionListener@749d1bf9, org.springframework.test.context.support.DirtiesContextTestExecutionListener@22ee80d0, org.springframework.test.context.transaction.TransactionalTestExecutionListener@2337414e, org.springframework.test.context.jdbc.SqlScriptsTestExecutionListener@40e90b55, org.springframework.test.context.event.EventPublishingTestExecutionListener@5c378262, org.springframework.boot.test.autoconfigure.restdocs.RestDocsTestExecutionListener@a896134, org.springframework.boot.test.autoconfigure.web.client.MockRestServiceServerResetTestExecutionListener@132d6c1a, org.springframework.boot.test.autoconfigure.web.servlet.MockMvcPrintOnlyOnFailureTestExecutionListener@1b166e89, org.springframework.boot.test.autoconfigure.web.servlet.WebDriverTestExecutionListener@7bd2db1b, org.springframework.boot.test.autoconfigure.webservices.client.MockWebServiceServerTestExecutionListener@3a138594, org.springframework.boot.test.mock.mockito.ResetMocksTestExecutionListener@42a66370]
11:02:39.088 [Test worker] DEBUG org.springframework.test.context.support.AbstractDirtiesContextTestExecutionListener - Before test class: context [DefaultTestContext@785f34f2 testClass = ItemStreamHanderTest, testInstance = [null], testMethod = [null], testException = [null], mergedContextConfiguration = [ReactiveWebMergedContextConfiguration@19494852 testClass = ItemStreamHanderTest, locations = '{}', classes = '{class com.danvarga.reactordemo.ReactorDemoApplication}', contextInitializerClasses = '[]', activeProfiles = '{test}', propertySourceLocations = '{}', propertySourceProperties = '{org.springframework.boot.test.context.SpringBootTestContextBootstrapper=true}', contextCustomizers = set[org.springframework.boot.test.autoconfigure.actuate.metrics.MetricsExportContextCustomizerFactory$DisableMetricExportContextCustomizer@165368a6, org.springframework.boot.test.autoconfigure.properties.PropertyMappingContextCustomizer@ec54a5c9, org.springframework.boot.test.autoconfigure.web.servlet.WebDriverContextCustomizerFactory$Customizer@25450ea6, [ImportsContextCustomizer@67266ef1 key = [org.springframework.boot.autoconfigure.security.oauth2.client.reactive.ReactiveOAuth2ClientAutoConfiguration, org.springframework.boot.autoconfigure.security.oauth2.resource.reactive.ReactiveOAuth2ResourceServerAutoConfiguration, org.springframework.boot.autoconfigure.security.reactive.ReactiveSecurityAutoConfiguration, org.springframework.boot.autoconfigure.security.reactive.ReactiveUserDetailsServiceAutoConfiguration, org.springframework.boot.test.autoconfigure.web.reactive.WebTestClientAutoConfiguration]], org.springframework.boot.test.context.filter.ExcludeFilterContextCustomizer@dbe9352, org.springframework.boot.test.json.DuplicateJsonObjectContextCustomizerFactory$DuplicateJsonObjectContextCustomizer@37abbace, org.springframework.boot.test.mock.mockito.MockitoContextCustomizer@0, org.springframework.boot.test.web.client.TestRestTemplateContextCustomizer@685f693b, org.springframework.boot.test.web.reactive.server.WebTestClientContextCustomizer@4af34209, org.springframework.boot.test.context.SpringBootTestArgs@1, org.springframework.boot.test.context.SpringBootTestWebEnvironment@2db09ddc], contextLoader = 'org.springframework.boot.test.context.SpringBootContextLoader', parent = [null]], attributes = map[[empty]]], class annotated with @DirtiesContext [true] with mode [AFTER_CLASS].
11:02:39.096 [Test worker] DEBUG org.springframework.test.context.support.DependencyInjectionTestExecutionListener - Performing dependency injection for test context [[DefaultTestContext@785f34f2 testClass = ItemStreamHanderTest, testInstance = com.danvarga.reactordemo.handler.ItemStreamHanderTest@443a8dd7, testMethod = [null], testException = [null], mergedContextConfiguration = [ReactiveWebMergedContextConfiguration@19494852 testClass = ItemStreamHanderTest, locations = '{}', classes = '{class com.danvarga.reactordemo.ReactorDemoApplication}', contextInitializerClasses = '[]', activeProfiles = '{test}', propertySourceLocations = '{}', propertySourceProperties = '{org.springframework.boot.test.context.SpringBootTestContextBootstrapper=true}', contextCustomizers = set[org.springframework.boot.test.autoconfigure.actuate.metrics.MetricsExportContextCustomizerFactory$DisableMetricExportContextCustomizer@165368a6, org.springframework.boot.test.autoconfigure.properties.PropertyMappingContextCustomizer@ec54a5c9, org.springframework.boot.test.autoconfigure.web.servlet.WebDriverContextCustomizerFactory$Customizer@25450ea6, [ImportsContextCustomizer@67266ef1 key = [org.springframework.boot.autoconfigure.security.oauth2.client.reactive.ReactiveOAuth2ClientAutoConfiguration, org.springframework.boot.autoconfigure.security.oauth2.resource.reactive.ReactiveOAuth2ResourceServerAutoConfiguration, org.springframework.boot.autoconfigure.security.reactive.ReactiveSecurityAutoConfiguration, org.springframework.boot.autoconfigure.security.reactive.ReactiveUserDetailsServiceAutoConfiguration, org.springframework.boot.test.autoconfigure.web.reactive.WebTestClientAutoConfiguration]], org.springframework.boot.test.context.filter.ExcludeFilterContextCustomizer@dbe9352, org.springframework.boot.test.json.DuplicateJsonObjectContextCustomizerFactory$DuplicateJsonObjectContextCustomizer@37abbace, org.springframework.boot.test.mock.mockito.MockitoContextCustomizer@0, org.springframework.boot.test.web.client.TestRestTemplateContextCustomizer@685f693b, org.springframework.boot.test.web.reactive.server.WebTestClientContextCustomizer@4af34209, org.springframework.boot.test.context.SpringBootTestArgs@1, org.springframework.boot.test.context.SpringBootTestWebEnvironment@2db09ddc], contextLoader = 'org.springframework.boot.test.context.SpringBootContextLoader', parent = [null]], attributes = map['org.springframework.test.context.event.ApplicationEventsTestExecutionListener.recordApplicationEvents' -> false]]].
11:02:39.108 [Test worker] DEBUG org.springframework.core.env.StandardEnvironment - Activating profiles [test]
11:02:39.110 [Test worker] DEBUG org.springframework.test.context.support.TestPropertySourceUtils - Adding inlined properties to environment: {spring.jmx.enabled=false, org.springframework.boot.test.context.SpringBootTestContextBootstrapper=true}

  .   ____          _            __ _ _
 /\\ / ___'_ __ _ _(_)_ __  __ _ \ \ \ \
( ( )\___ | '_ | '_| | '_ \/ _` | \ \ \ \
 \\/  ___)| |_)| | | | | || (_| |  ) ) ) )
  '  |____| .__|_| |_|_| |_\__, | / / / /
 =========|_|==============|___/=/_/_/_/
 :: Spring Boot ::                (v2.4.2)

2021-02-08 11:02:39.320  INFO 127505 --- [    Test worker] c.d.r.handler.ItemStreamHanderTest       : Starting ItemStreamHanderTest using Java 11.0.10 on danvarga-manjaro with PID 127505 (started by dan in /home/dan/Work/Spring/reactor-demo)
2021-02-08 11:02:39.321  INFO 127505 --- [    Test worker] c.d.r.handler.ItemStreamHanderTest       : The following profiles are active: test
2021-02-08 11:02:39.641  INFO 127505 --- [    Test worker] .s.d.r.c.RepositoryConfigurationDelegate : Bootstrapping Spring Data Reactive MongoDB repositories in DEFAULT mode.
2021-02-08 11:02:39.733  INFO 127505 --- [    Test worker] .s.d.r.c.RepositoryConfigurationDelegate : Finished Spring Data repository scanning in 89 ms. Found 2 Reactive MongoDB repository interfaces.
2021-02-08 11:02:39.997  INFO 127505 --- [       Thread-5] o.s.b.a.mongo.embedded.EmbeddedMongo     : note: noprealloc may hurt performance in many applications
2021-02-08 11:02:40.000  INFO 127505 --- [       Thread-5] o.s.b.a.mongo.embedded.EmbeddedMongo     : 2021-02-08T11:02:39.999+0100 I CONTROL  [initandlisten] MongoDB starting : pid=127564 port=41271 dbpath=/tmp/embedmongo-db-c6748bd8-85a2-47b3-932b-823767b790ea 64-bit host=danvarga-manjaro
2021-02-08 11:02:40.000  INFO 127505 --- [       Thread-5] o.s.b.a.mongo.embedded.EmbeddedMongo     : 2021-02-08T11:02:39.999+0100 I CONTROL  [initandlisten] db version v3.5.5
2021-02-08 11:02:40.000  INFO 127505 --- [       Thread-5] o.s.b.a.mongo.embedded.EmbeddedMongo     : 2021-02-08T11:02:39.999+0100 I CONTROL  [initandlisten] git version: 98515c812b6fa893613f063dae568ff8319cbfbd
2021-02-08 11:02:40.000  INFO 127505 --- [       Thread-5] o.s.b.a.mongo.embedded.EmbeddedMongo     : 2021-02-08T11:02:39.999+0100 I CONTROL  [initandlisten] allocator: tcmalloc
2021-02-08 11:02:40.000  INFO 127505 --- [       Thread-5] o.s.b.a.mongo.embedded.EmbeddedMongo     : 2021-02-08T11:02:39.999+0100 I CONTROL  [initandlisten] modules: none
2021-02-08 11:02:40.001  INFO 127505 --- [       Thread-5] o.s.b.a.mongo.embedded.EmbeddedMongo     : 2021-02-08T11:02:39.999+0100 I CONTROL  [initandlisten] build environment:
2021-02-08 11:02:40.001  INFO 127505 --- [       Thread-5] o.s.b.a.mongo.embedded.EmbeddedMongo     : 2021-02-08T11:02:39.999+0100 I CONTROL  [initandlisten]     distarch: x86_64
2021-02-08 11:02:40.001  INFO 127505 --- [       Thread-5] o.s.b.a.mongo.embedded.EmbeddedMongo     : 2021-02-08T11:02:39.999+0100 I CONTROL  [initandlisten]     target_arch: x86_64
2021-02-08 11:02:40.001  INFO 127505 --- [       Thread-5] o.s.b.a.mongo.embedded.EmbeddedMongo     : 2021-02-08T11:02:39.999+0100 I CONTROL  [initandlisten] options: { net: { bindIp: "127.0.0.1", http: { enabled: false }, port: 41271 }, security: { authorization: "disabled" }, storage: { dbPath: "/tmp/embedmongo-db-c6748bd8-85a2-47b3-932b-823767b790ea", journal: { enabled: false }, mmapv1: { preallocDataFiles: false, smallFiles: true }, syncPeriodSecs: 0.0 } }
2021-02-08 11:02:40.005  INFO 127505 --- [       Thread-5] o.s.b.a.mongo.embedded.EmbeddedMongo     : 2021-02-08T11:02:40.004+0100 I STORAGE  [initandlisten] wiredtiger_open config: create,cache_size=7490M,session_max=20000,eviction=(threads_min=4,threads_max=4),config_base=false,statistics=(fast),log=(enabled=true,archive=true,path=journal,compressor=snappy),file_manager=(close_idle_time=100000),checkpoint=(wait=0,log_size=2GB),statistics_log=(wait=0),verbose=(recovery_progress),,log=(enabled=false),
2021-02-08 11:02:40.014  INFO 127505 --- [       Thread-5] o.s.b.a.mongo.embedded.EmbeddedMongo     : 2021-02-08T11:02:40.014+0100 W STORAGE  [initandlisten] Detected configuration for non-active storage engine mmapv1 when current storage engine is wiredTiger
2021-02-08 11:02:40.014  INFO 127505 --- [       Thread-5] o.s.b.a.mongo.embedded.EmbeddedMongo     : 2021-02-08T11:02:40.014+0100 I CONTROL  [initandlisten] 
2021-02-08 11:02:40.015  INFO 127505 --- [       Thread-5] o.s.b.a.mongo.embedded.EmbeddedMongo     : 2021-02-08T11:02:40.014+0100 I CONTROL  [initandlisten] ** NOTE: This is a development version (3.5.5) of MongoDB.
2021-02-08 11:02:40.015  INFO 127505 --- [       Thread-5] o.s.b.a.mongo.embedded.EmbeddedMongo     : 2021-02-08T11:02:40.014+0100 I CONTROL  [initandlisten] **       Not recommended for production.
2021-02-08 11:02:40.015  INFO 127505 --- [       Thread-5] o.s.b.a.mongo.embedded.EmbeddedMongo     : 2021-02-08T11:02:40.014+0100 I CONTROL  [initandlisten] 
2021-02-08 11:02:40.015  INFO 127505 --- [       Thread-5] o.s.b.a.mongo.embedded.EmbeddedMongo     : 2021-02-08T11:02:40.014+0100 I CONTROL  [initandlisten] 
2021-02-08 11:02:40.015  INFO 127505 --- [       Thread-5] o.s.b.a.mongo.embedded.EmbeddedMongo     : 2021-02-08T11:02:40.014+0100 I CONTROL  [initandlisten] ** WARNING: soft rlimits too low. rlimits set to 63706 processes, 524288 files. Number of processes should be at least 262144 : 0.5 times number of files.
2021-02-08 11:02:40.016  INFO 127505 --- [       Thread-5] o.s.b.a.mongo.embedded.EmbeddedMongo     : 2021-02-08T11:02:40.016+0100 I FTDC     [initandlisten] Initializing full-time diagnostic data capture with directory '/tmp/embedmongo-db-c6748bd8-85a2-47b3-932b-823767b790ea/diagnostic.data'
2021-02-08 11:02:40.019  INFO 127505 --- [       Thread-5] o.s.b.a.mongo.embedded.EmbeddedMongo     : 2021-02-08T11:02:40.019+0100 I INDEX    [initandlisten] build index on: admin.system.version properties: { v: 2, key: { version: 1 }, name: "incompatible_with_version_32", ns: "admin.system.version" }
2021-02-08 11:02:40.019  INFO 127505 --- [       Thread-5] o.s.b.a.mongo.embedded.EmbeddedMongo     : 2021-02-08T11:02:40.019+0100 I INDEX    [initandlisten] 	 building index using bulk method; build may temporarily use up to 500 megabytes of RAM
2021-02-08 11:02:40.019  INFO 127505 --- [       Thread-5] o.s.b.a.mongo.embedded.EmbeddedMongo     : 2021-02-08T11:02:40.019+0100 I INDEX    [initandlisten] build index done.  scanned 0 total records. 0 secs
2021-02-08 11:02:40.019  INFO 127505 --- [       Thread-5] o.s.b.a.mongo.embedded.EmbeddedMongo     : 2021-02-08T11:02:40.019+0100 I COMMAND  [initandlisten] setting featureCompatibilityVersion to 3.4
2021-02-08 11:02:40.020  INFO 127505 --- [       Thread-5] o.s.b.a.mongo.embedded.EmbeddedMongo     : 2021-02-08T11:02:40.019+0100 I NETWORK  [thread1] waiting for connections on port 41271
2021-02-08 11:02:40.020  INFO 127505 --- [    Test worker] d.f.embed.mongo.MongodExecutable         : start de.flapdoodle.embed.mongo.config.MongodConfigBuilder$ImmutableMongodConfig@4f4664fa
2021-02-08 11:02:40.117  INFO 127505 --- [    Test worker] org.mongodb.driver.cluster               : Cluster created with settings {hosts=[localhost:41271], mode=SINGLE, requiredClusterType=UNKNOWN, serverSelectionTimeout='30000 ms'}
2021-02-08 11:02:40.183  INFO 127505 --- [       Thread-5] o.s.b.a.mongo.embedded.EmbeddedMongo     : 2021-02-08T11:02:40.183+0100 I NETWORK  [thread1] connection accepted from 127.0.0.1:56710 #1 (1 connection now open)
2021-02-08 11:02:40.183  INFO 127505 --- [       Thread-5] o.s.b.a.mongo.embedded.EmbeddedMongo     : 2021-02-08T11:02:40.183+0100 I NETWORK  [thread1] connection accepted from 127.0.0.1:56712 #2 (2 connections now open)
2021-02-08 11:02:40.219  INFO 127505 --- [       Thread-5] o.s.b.a.mongo.embedded.EmbeddedMongo     : 2021-02-08T11:02:40.219+0100 I NETWORK  [conn2] received client metadata from 127.0.0.1:56712 conn2: { driver: { name: "mongo-java-driver|reactive-streams|spring-boot", version: "4.1.1" }, os: { type: "Linux", name: "Linux", architecture: "amd64", version: "5.10.7-3-MANJARO" }, platform: "Java/Oracle Corporation/11.0.10+8" }
2021-02-08 11:02:40.220  INFO 127505 --- [       Thread-5] o.s.b.a.mongo.embedded.EmbeddedMongo     : 2021-02-08T11:02:40.219+0100 I NETWORK  [conn1] received client metadata from 127.0.0.1:56710 conn1: { driver: { name: "mongo-java-driver|reactive-streams|spring-boot", version: "4.1.1" }, os: { type: "Linux", name: "Linux", architecture: "amd64", version: "5.10.7-3-MANJARO" }, platform: "Java/Oracle Corporation/11.0.10+8" }
2021-02-08 11:02:40.242  INFO 127505 --- [localhost:41271] org.mongodb.driver.connection            : Opened connection [connectionId{localValue:1, serverValue:1}] to localhost:41271
2021-02-08 11:02:40.242  INFO 127505 --- [localhost:41271] org.mongodb.driver.connection            : Opened connection [connectionId{localValue:2, serverValue:2}] to localhost:41271
2021-02-08 11:02:40.242  INFO 127505 --- [localhost:41271] org.mongodb.driver.cluster               : Monitor thread successfully connected to server with description ServerDescription{address=localhost:41271, type=STANDALONE, state=CONNECTED, ok=true, minWireVersion=0, maxWireVersion=5, maxDocumentSize=16777216, logicalSessionTimeoutMinutes=null, roundTripTimeNanos=53966516}
2021-02-08 11:02:40.748  INFO 127505 --- [    Test worker] c.d.r.handler.ItemStreamHanderTest       : Started ItemStreamHanderTest in 1.627 seconds (JVM running for 2.364)
2021-02-08 11:02:40.939  INFO 127505 --- [       Thread-5] o.s.b.a.mongo.embedded.EmbeddedMongo     : 2021-02-08T11:02:40.939+0100 I NETWORK  [thread1] connection accepted from 127.0.0.1:56714 #3 (3 connections now open)
2021-02-08 11:02:40.948  INFO 127505 --- [       Thread-5] o.s.b.a.mongo.embedded.EmbeddedMongo     : 2021-02-08T11:02:40.948+0100 I NETWORK  [conn3] received client metadata from 127.0.0.1:56714 conn3: { driver: { name: "mongo-java-driver|reactive-streams|spring-boot", version: "4.1.1" }, os: { type: "Linux", name: "Linux", architecture: "amd64", version: "5.10.7-3-MANJARO" }, platform: "Java/Oracle Corporation/11.0.10+8" }
2021-02-08 11:02:40.951  INFO 127505 --- [ntLoopGroup-2-3] org.mongodb.driver.connection            : Opened connection [connectionId{localValue:3, serverValue:3}] to localhost:41271
2021-02-08 11:02:40.959  INFO 127505 --- [       Thread-5] o.s.b.a.mongo.embedded.EmbeddedMongo     : 2021-02-08T11:02:40.958+0100 I COMMAND  [conn3] CMD: drop test.itemCapped
2021-02-08 11:02:41.028  INFO 127505 --- [       Thread-5] o.s.b.a.mongo.embedded.EmbeddedMongo     : 2021-02-08T11:02:41.028+0100 I NETWORK  [thread1] connection accepted from 127.0.0.1:56716 #4 (4 connections now open)
2021-02-08 11:02:41.030  INFO 127505 --- [       Thread-5] o.s.b.a.mongo.embedded.EmbeddedMongo     : 2021-02-08T11:02:41.030+0100 I NETWORK  [thread1] connection accepted from 127.0.0.1:56718 #5 (5 connections now open)
2021-02-08 11:02:41.031  INFO 127505 --- [       Thread-5] o.s.b.a.mongo.embedded.EmbeddedMongo     : 2021-02-08T11:02:41.030+0100 I NETWORK  [conn4] received client metadata from 127.0.0.1:56716 conn4: { driver: { name: "mongo-java-driver|reactive-streams|spring-boot", version: "4.1.1" }, os: { type: "Linux", name: "Linux", architecture: "amd64", version: "5.10.7-3-MANJARO" }, platform: "Java/Oracle Corporation/11.0.10+8" }
2021-02-08 11:02:41.033  INFO 127505 --- [       Thread-5] o.s.b.a.mongo.embedded.EmbeddedMongo     : 2021-02-08T11:02:41.033+0100 I NETWORK  [conn5] received client metadata from 127.0.0.1:56718 conn5: { driver: { name: "mongo-java-driver|reactive-streams|spring-boot", version: "4.1.1" }, os: { type: "Linux", name: "Linux", architecture: "amd64", version: "5.10.7-3-MANJARO" }, platform: "Java/Oracle Corporation/11.0.10+8" }
2021-02-08 11:02:41.034  INFO 127505 --- [ntLoopGroup-2-4] org.mongodb.driver.connection            : Opened connection [connectionId{localValue:4, serverValue:4}] to localhost:41271
2021-02-08 11:02:41.035  INFO 127505 --- [       Thread-5] o.s.b.a.mongo.embedded.EmbeddedMongo     : 2021-02-08T11:02:41.035+0100 I NETWORK  [thread1] connection accepted from 127.0.0.1:56720 #6 (6 connections now open)
2021-02-08 11:02:41.036  INFO 127505 --- [ntLoopGroup-2-5] org.mongodb.driver.connection            : Opened connection [connectionId{localValue:5, serverValue:5}] to localhost:41271
2021-02-08 11:02:41.037  INFO 127505 --- [       Thread-5] o.s.b.a.mongo.embedded.EmbeddedMongo     : 2021-02-08T11:02:41.036+0100 I NETWORK  [conn6] received client metadata from 127.0.0.1:56720 conn6: { driver: { name: "mongo-java-driver|reactive-streams|spring-boot", version: "4.1.1" }, os: { type: "Linux", name: "Linux", architecture: "amd64", version: "5.10.7-3-MANJARO" }, platform: "Java/Oracle Corporation/11.0.10+8" }
2021-02-08 11:02:41.039  INFO 127505 --- [ntLoopGroup-2-6] org.mongodb.driver.connection            : Opened connection [connectionId{localValue:6, serverValue:6}] to localhost:41271
Inserted Item in setUp: ItemCapped(id=60210c415485de2e15ff9dc5, description=Random Item - 0, price=100.0)
Inserted Item in setUp: ItemCapped(id=60210c415485de2e15ff9dc6, description=Random Item - 1, price=101.0)
Inserted Item in setUp: ItemCapped(id=60210c415485de2e15ff9dc7, description=Random Item - 2, price=102.0)
Inserted Item in setUp: ItemCapped(id=60210c415485de2e15ff9dc9, description=Random Item - 4, price=104.0)
Inserted Item in setUp: ItemCapped(id=60210c415485de2e15ff9dc8, description=Random Item - 3, price=103.0)
2021-02-08 11:02:41.249  INFO 127505 --- [    Test worker] org.mongodb.driver.connection            : Closed connection [connectionId{localValue:4, serverValue:4}] to localhost:41271 because the pool has been closed.
2021-02-08 11:02:41.249  INFO 127505 --- [    Test worker] org.mongodb.driver.connection            : Closed connection [connectionId{localValue:5, serverValue:5}] to localhost:41271 because the pool has been closed.
2021-02-08 11:02:41.250  INFO 127505 --- [    Test worker] org.mongodb.driver.connection            : Closed connection [connectionId{localValue:6, serverValue:6}] to localhost:41271 because the pool has been closed.
2021-02-08 11:02:41.250  INFO 127505 --- [       Thread-5] o.s.b.a.mongo.embedded.EmbeddedMongo     : 2021-02-08T11:02:41.250+0100 I -        [conn5] end connection 127.0.0.1:56718 (6 connections now open)
2021-02-08 11:02:41.250  INFO 127505 --- [       Thread-5] o.s.b.a.mongo.embedded.EmbeddedMongo     : 2021-02-08T11:02:41.250+0100 I -        [conn4] end connection 127.0.0.1:56716 (5 connections now open)
2021-02-08 11:02:41.251  INFO 127505 --- [       Thread-5] o.s.b.a.mongo.embedded.EmbeddedMongo     : 2021-02-08T11:02:41.250+0100 I -        [conn6] end connection 127.0.0.1:56720 (4 connections now open)
2021-02-08 11:02:41.251  INFO 127505 --- [       Thread-5] o.s.b.a.mongo.embedded.EmbeddedMongo     : 2021-02-08T11:02:41.251+0100 I -        [conn2] end connection 127.0.0.1:56712 (3 connections now open)
2021-02-08 11:02:41.254  INFO 127505 --- [       Thread-5] o.s.b.a.mongo.embedded.EmbeddedMongo     : 2021-02-08T11:02:41.251+0100 I -        [conn1] end connection 127.0.0.1:56710 (2 connections now open)
2021-02-08 11:02:41.254  INFO 127505 --- [ntLoopGroup-2-3] org.mongodb.driver.connection            : Closed connection [connectionId{localValue:3, serverValue:3}] to localhost:41271 because there was a socket exception raised by this connection.
2021-02-08 11:02:41.259 ERROR 127505 --- [ntLoopGroup-2-3] org.mongodb.driver.connection            : Callback onResult call produced an error

java.lang.IllegalStateException: state should be: open
	at com.mongodb.assertions.Assertions.isTrue(Assertions.java:72) ~[mongodb-driver-core-4.1.1.jar:na]
	at com.mongodb.internal.connection.DefaultServer.getConnectionAsync(DefaultServer.java:104) ~[mongodb-driver-core-4.1.1.jar:na]
	at com.mongodb.internal.binding.AsyncClusterBinding$AsyncClusterBindingConnectionSource.getConnection(AsyncClusterBinding.java:131) ~[mongodb-driver-core-4.1.1.jar:na]
	at com.mongodb.internal.operation.AsyncQueryBatchCursor.killCursorOnClose(AsyncQueryBatchCursor.java:270) ~[mongodb-driver-core-4.1.1.jar:na]
	at com.mongodb.internal.operation.AsyncQueryBatchCursor.close(AsyncQueryBatchCursor.java:132) ~[mongodb-driver-core-4.1.1.jar:na]
	at com.mongodb.internal.operation.AsyncQueryBatchCursor.endOperationInProgress(AsyncQueryBatchCursor.java:326) ~[mongodb-driver-core-4.1.1.jar:na]
	at com.mongodb.internal.operation.AsyncQueryBatchCursor.access$000(AsyncQueryBatchCursor.java:56) ~[mongodb-driver-core-4.1.1.jar:na]
	at com.mongodb.internal.operation.AsyncQueryBatchCursor$CommandResultSingleResultCallback.onResult(AsyncQueryBatchCursor.java:377) ~[mongodb-driver-core-4.1.1.jar:na]
	at com.mongodb.internal.operation.AsyncQueryBatchCursor$CommandResultSingleResultCallback.onResult(AsyncQueryBatchCursor.java:356) ~[mongodb-driver-core-4.1.1.jar:na]
	at com.mongodb.internal.async.ErrorHandlingResultCallback.onResult(ErrorHandlingResultCallback.java:48) ~[mongodb-driver-core-4.1.1.jar:na]
	at com.mongodb.internal.connection.DefaultServer$DefaultServerProtocolExecutor$2.onResult(DefaultServer.java:285) ~[mongodb-driver-core-4.1.1.jar:na]
	at com.mongodb.internal.async.ErrorHandlingResultCallback.onResult(ErrorHandlingResultCallback.java:48) ~[mongodb-driver-core-4.1.1.jar:na]
	at com.mongodb.internal.connection.CommandProtocolImpl$1.onResult(CommandProtocolImpl.java:82) ~[mongodb-driver-core-4.1.1.jar:na]
	at com.mongodb.internal.connection.DefaultConnectionPool$PooledConnection$2.onResult(DefaultConnectionPool.java:530) ~[mongodb-driver-core-4.1.1.jar:na]
	at com.mongodb.internal.connection.UsageTrackingInternalConnection$2.onResult(UsageTrackingInternalConnection.java:142) ~[mongodb-driver-core-4.1.1.jar:na]
	at com.mongodb.internal.async.ErrorHandlingResultCallback.onResult(ErrorHandlingResultCallback.java:48) ~[mongodb-driver-core-4.1.1.jar:na]
	at com.mongodb.internal.connection.InternalStreamConnection$2$1.onResult(InternalStreamConnection.java:445) ~[mongodb-driver-core-4.1.1.jar:na]
	at com.mongodb.internal.connection.InternalStreamConnection$2$1.onResult(InternalStreamConnection.java:440) ~[mongodb-driver-core-4.1.1.jar:na]
	at com.mongodb.internal.connection.InternalStreamConnection$MessageHeaderCallback.onResult(InternalStreamConnection.java:697) ~[mongodb-driver-core-4.1.1.jar:na]
	at com.mongodb.internal.connection.InternalStreamConnection$MessageHeaderCallback.onResult(InternalStreamConnection.java:687) ~[mongodb-driver-core-4.1.1.jar:na]
	at com.mongodb.internal.connection.InternalStreamConnection$5.failed(InternalStreamConnection.java:588) ~[mongodb-driver-core-4.1.1.jar:na]
	at com.mongodb.connection.netty.NettyStream.readAsync(NettyStream.java:251) ~[mongodb-driver-core-4.1.1.jar:na]
	at com.mongodb.connection.netty.NettyStream.readAsync(NettyStream.java:214) ~[mongodb-driver-core-4.1.1.jar:na]
	at com.mongodb.connection.netty.NettyStream.handleReadResponse(NettyStream.java:285) ~[mongodb-driver-core-4.1.1.jar:na]
	at com.mongodb.connection.netty.NettyStream.access$800(NettyStream.java:69) ~[mongodb-driver-core-4.1.1.jar:na]
	at com.mongodb.connection.netty.NettyStream$OpenChannelFutureListener$1.operationComplete(NettyStream.java:430) ~[mongodb-driver-core-4.1.1.jar:na]
	at com.mongodb.connection.netty.NettyStream$OpenChannelFutureListener$1.operationComplete(NettyStream.java:427) ~[mongodb-driver-core-4.1.1.jar:na]
	at io.netty.util.concurrent.DefaultPromise.notifyListener0(DefaultPromise.java:578) ~[netty-common-4.1.58.Final.jar:4.1.58.Final]
	at io.netty.util.concurrent.DefaultPromise.notifyListenersNow(DefaultPromise.java:552) ~[netty-common-4.1.58.Final.jar:4.1.58.Final]
	at io.netty.util.concurrent.DefaultPromise.notifyListeners(DefaultPromise.java:491) ~[netty-common-4.1.58.Final.jar:4.1.58.Final]
	at io.netty.util.concurrent.DefaultPromise.setValue0(DefaultPromise.java:616) ~[netty-common-4.1.58.Final.jar:4.1.58.Final]
	at io.netty.util.concurrent.DefaultPromise.setSuccess0(DefaultPromise.java:605) ~[netty-common-4.1.58.Final.jar:4.1.58.Final]
	at io.netty.util.concurrent.DefaultPromise.trySuccess(DefaultPromise.java:104) ~[netty-common-4.1.58.Final.jar:4.1.58.Final]
	at io.netty.channel.DefaultChannelPromise.trySuccess(DefaultChannelPromise.java:84) ~[netty-transport-4.1.58.Final.jar:4.1.58.Final]
	at io.netty.channel.AbstractChannel$CloseFuture.setClosed(AbstractChannel.java:1174) ~[netty-transport-4.1.58.Final.jar:4.1.58.Final]
	at io.netty.channel.AbstractChannel$AbstractUnsafe.doClose0(AbstractChannel.java:761) ~[netty-transport-4.1.58.Final.jar:4.1.58.Final]
	at io.netty.channel.AbstractChannel$AbstractUnsafe.close(AbstractChannel.java:737) ~[netty-transport-4.1.58.Final.jar:4.1.58.Final]
	at io.netty.channel.AbstractChannel$AbstractUnsafe.close(AbstractChannel.java:608) ~[netty-transport-4.1.58.Final.jar:4.1.58.Final]
	at io.netty.channel.nio.NioEventLoop.closeAll(NioEventLoop.java:769) ~[netty-transport-4.1.58.Final.jar:4.1.58.Final]
	at io.netty.channel.nio.NioEventLoop.run(NioEventLoop.java:526) ~[netty-transport-4.1.58.Final.jar:4.1.58.Final]
	at io.netty.util.concurrent.SingleThreadEventExecutor$4.run(SingleThreadEventExecutor.java:989) ~[netty-common-4.1.58.Final.jar:4.1.58.Final]
	at io.netty.util.internal.ThreadExecutorMap$2.run(ThreadExecutorMap.java:74) ~[netty-common-4.1.58.Final.jar:4.1.58.Final]
	at io.netty.util.concurrent.FastThreadLocalRunnable.run(FastThreadLocalRunnable.java:30) ~[netty-common-4.1.58.Final.jar:4.1.58.Final]
	at java.base/java.lang.Thread.run(Thread.java:834) ~[na:na]

2021-02-08 11:02:42.167  INFO 127505 --- [       Thread-5] o.s.b.a.mongo.embedded.EmbeddedMongo     : 2021-02-08T11:02:42.167+0100 I -        [conn3] end connection 127.0.0.1:56714 (1 connection now open)
2021-02-08 11:02:43.265  INFO 127505 --- [       Thread-5] o.s.b.a.mongo.embedded.EmbeddedMongo     : 2021-02-08T11:02:43.265+0100 I NETWORK  [thread1] connection accepted from 127.0.0.1:56722 #7 (1 connection now open)
2021-02-08 11:02:43.266  INFO 127505 --- [       Thread-5] o.s.b.a.mongo.embedded.EmbeddedMongo     : 2021-02-08T11:02:43.266+0100 I COMMAND  [conn7] terminating, shutdown command received
2021-02-08 11:02:43.266  INFO 127505 --- [       Thread-5] o.s.b.a.mongo.embedded.EmbeddedMongo     : 2021-02-08T11:02:43.266+0100 I NETWORK  [conn7] shutdown: going to close listening sockets...
2021-02-08 11:02:43.266  INFO 127505 --- [       Thread-5] o.s.b.a.mongo.embedded.EmbeddedMongo     : 2021-02-08T11:02:43.266+0100 I NETWORK  [conn7] closing listening socket: 7
2021-02-08 11:02:43.266  INFO 127505 --- [       Thread-5] o.s.b.a.mongo.embedded.EmbeddedMongo     : 2021-02-08T11:02:43.266+0100 I NETWORK  [conn7] closing listening socket: 8
2021-02-08 11:02:43.266  INFO 127505 --- [       Thread-5] o.s.b.a.mongo.embedded.EmbeddedMongo     : 2021-02-08T11:02:43.266+0100 I NETWORK  [conn7] removing socket file: /tmp/mongodb-41271.sock
2021-02-08 11:02:43.266  INFO 127505 --- [       Thread-5] o.s.b.a.mongo.embedded.EmbeddedMongo     : 2021-02-08T11:02:43.266+0100 I NETWORK  [conn7] shutdown: going to flush diaglog...
2021-02-08 11:02:43.266  INFO 127505 --- [       Thread-5] o.s.b.a.mongo.embedded.EmbeddedMongo     : 2021-02-08T11:02:43.266+0100 I FTDC     [conn7] Shutting down full-time diagnostic data capture
2021-02-08 11:02:43.267  INFO 127505 --- [       Thread-5] o.s.b.a.mongo.embedded.EmbeddedMongo     : 2021-02-08T11:02:43.267+0100 I STORAGE  [conn7] WiredTigerKVEngine shutting down
2021-02-08 11:02:43.270  INFO 127505 --- [       Thread-5] o.s.b.a.mongo.embedded.EmbeddedMongo     : 2021-02-08T11:02:43.270+0100 I STORAGE  [conn7] shutdown: removing fs lock...
2021-02-08 11:02:43.270  INFO 127505 --- [       Thread-5] o.s.b.a.mongo.embedded.EmbeddedMongo     : 2021-02-08T11:02:43.270+0100 I CONTROL  [conn7] now exiting
2021-02-08 11:02:43.270  INFO 127505 --- [       Thread-5] o.s.b.a.mongo.embedded.EmbeddedMongo     : 2021-02-08T11:02:43.270+0100 I CONTROL  [conn7] shutting down with code:0
]]></system-out>
  <system-err><![CDATA[]]></system-err>
</testsuite>
